TOTAL_ACCESSES = 125
TOTAL_MISSES = 125
COMPULSORY_MISSES = 124
CAPACITY_MISSES = 1
MISS
MISS
MISS
MISS
MISS
MISS
MISS
MISS
MISS
MISS
MISS
MISS
MISS
MISS
MISS
MISS
MISS
MISS
MISS
MISS
MISS
MISS
MISS
MISS
MISS
MISS
MISS
MISS
MISS
MISS
MISS
MISS
MISS
MISS
MISS
MISS
MISS
MISS
MISS
MISS
MISS
MISS
MISS
MISS
MISS
MISS
MISS
MISS
MISS
MISS
MISS
MISS
MISS
MISS
MISS
MISS
MISS
MISS
MISS
MISS
MISS
MISS
MISS
MISS
MISS
MISS
MISS
MISS
MISS
MISS
MISS
MISS
MISS
MISS
MISS
MISS
MISS
MISS
MISS
MISS
MISS
MISS
MISS
MISS
MISS
MISS
MISS
MISS
MISS
MISS
MISS
MISS
MISS
MISS
MISS
MISS
MISS
MISS
MISS
MISS
MISS
MISS
MISS
MISS
MISS
MISS
MISS
MISS
MISS
MISS
MISS
MISS
MISS
MISS
MISS
MISS
MISS
MISS
MISS
MISS
MISS
MISS
MISS
MISS
MISS
